[0m09:12:18.812063 [debug] [MainThread]: Sending event: {'category': 'dbt', 'action': 'invocation', 'label': 'start', 'context': [<snowplow_tracker.self_describing_json.SelfDescribingJson object at 0x7c28c01b6450>, <snowplow_tracker.self_describing_json.SelfDescribingJson object at 0x7c28c01b65d0>, <snowplow_tracker.self_describing_json.SelfDescribingJson object at 0x7c28c14f1970>]}


============================== 09:12:18.817337 | 9b7752c5-0fe6-4486-b603-6c516b367079 ==============================
[0m09:12:18.817337 [info ] [MainThread]: Running with dbt=1.8.7
[0m09:12:18.818116 [debug] [MainThread]: running dbt with arguments {'printer_width': '80', 'indirect_selection': 'eager', 'write_json': 'True', 'log_cache_events': 'False', 'partial_parse': 'True', 'cache_selected_only': 'False', 'profiles_dir': '/home/codespace/.dbt', 'version_check': 'True', 'debug': 'False', 'log_path': 'logs', 'warn_error': 'None', 'fail_fast': 'False', 'use_colors': 'True', 'use_experimental_parser': 'False', 'no_print': 'None', 'quiet': 'False', 'empty': 'None', 'warn_error_options': 'WarnErrorOptions(include=[], exclude=[])', 'invocation_command': 'dbt init de_kimiafarma', 'static_parser': 'True', 'introspect': 'True', 'target_path': 'None', 'log_format': 'default', 'send_anonymous_usage_stats': 'True'}
[0m09:12:18.826736 [warn ] [MainThread]: [ConfigFolderDirectory]: Unable to parse dict {'dir': PosixPath('/home/codespace/.dbt')}
[0m09:12:18.827341 [info ] [MainThread]: Creating dbt configuration folder at 
[0m09:12:18.828820 [debug] [MainThread]: Starter project path: /usr/local/python/3.12.1/lib/python3.12/site-packages/dbt/include/starter_project
[0m09:12:18.832532 [info ] [MainThread]: 
Your new dbt project "de_kimiafarma" was created!

For more information on how to configure the profiles.yml file,
please consult the dbt documentation here:

  https://docs.getdbt.com/docs/configure-your-profile

One more thing:

Need help? Don't hesitate to reach out to us via GitHub issues or on Slack:

  https://community.getdbt.com/

Happy modeling!

[0m09:12:18.833154 [info ] [MainThread]: Setting up your profile.
[0m10:18:04.976107 [info ] [MainThread]: Profile de_kimiafarma written to /home/codespace/.dbt/profiles.yml using target's profile_template.yml and your supplied values. Run 'dbt debug' to validate the connection.
[0m10:18:04.980136 [debug] [MainThread]: Resource report: {"command_name": "init", "command_success": true, "command_wall_clock_time": 3946.2485, "process_user_time": 1.891595, "process_kernel_time": 0.32393, "process_mem_max_rss": "152196", "process_in_blocks": "104752", "process_out_blocks": "80"}
[0m10:18:04.981353 [debug] [MainThread]: Command `dbt init` succeeded at 10:18:04.981175 after 3946.25 seconds
[0m10:18:04.982533 [debug] [MainThread]: Sending event: {'category': 'dbt', 'action': 'invocation', 'label': 'end', 'context': [<snowplow_tracker.self_describing_json.SelfDescribingJson object at 0x7c28bfb97aa0>, <snowplow_tracker.self_describing_json.SelfDescribingJson object at 0x7c28b75a65a0>, <snowplow_tracker.self_describing_json.SelfDescribingJson object at 0x7c28b68e0aa0>]}
[0m10:18:04.983378 [debug] [MainThread]: Flushing usage events
